<?xml version="1.0" encoding="utf-8"?><testsuites name="pytest tests"><testsuite name="pytest" errors="0" failures="0" skipped="0" tests="24" time="2.286" timestamp="2026-07-02T16:50:52.894130+00:00" hostname="agent-env-bd800dbf-c01a-42a8-992d-47470523769d"><testcase classname="tests.backend_test.TestOffers" name="test_create_offer_public" time="0.122" /><testcase classname="tests.backend_test.TestDomainsPublic" name="test_list_domains_public" time="0.133" /><testcase classname="tests.backend_test.TestOffers" name="test_create_offer_without_amount" time="0.049" /><testcase classname="tests.backend_test.TestDomainsPublic" name="test_list_domains_search" time="0.061" /><testcase classname="tests.backend_test.TestOffers" name="test_list_offers_requires_auth" time="0.041" /><testcase classname="tests.backend_test.TestDomainsPublic" name="test_list_domains_sort_price_asc" time="0.097" /><testcase classname="tests.backend_test.TestDomainsPublic" name="test_list_domains_sort_az" time="0.198" /><testcase classname="tests.backend_test.TestOffers" name="test_list_offers_admin" time="0.361" /><testcase classname="tests.backend_test.TestDomainsPublic" name="test_categories" time="0.049" /><testcase classname="tests.backend_test.TestDomainsPublic" name="test_domain_create_requires_auth" time="0.046" /><testcase classname="tests.backend_test.TestOffers" name="test_mark_offer_read" time="0.289" /><testcase classname="tests.backend_test.TestAuth" name="test_login_invalid" time="0.275" /><testcase classname="tests.backend_test.TestOffers" name="test_delete_offer" time="0.289" /><testcase classname="tests.backend_test.TestOffers" name="test_cleanup_extra_offers" time="0.099" /><testcase classname="tests.backend_test.TestAuth" name="test_login_success_and_me" time="0.385" /><testcase classname="tests.backend_test.TestAuth" name="test_me_requires_auth" time="0.233" /><testcase classname="tests.backend_test.TestDomainsAdmin" name="test_create_domain" time="0.109" /><testcase classname="tests.backend_test.TestDomainsAdmin" name="test_update_domain" time="0.097" /><testcase classname="tests.backend_test.TestDomainsAdmin" name="test_delete_domain" time="0.136" /><testcase classname="tests.backend_test.TestAuth" name="test_logout" time="0.054" /><testcase classname="tests.backend_test.TestStats" name="test_stats_requires_auth" time="0.173" /><testcase classname="tests.backend_test.TestDomainsAdmin" name="test_delete_missing_domain_returns_404" time="0.044" /><testcase classname="tests.backend_test.TestHealth" name="test_root" time="0.044" /><testcase classname="tests.backend_test.TestStats" name="test_stats_admin" time="0.055" /></testsuite></testsuites>